0 info it worked if it ends with ok
1 verbose cli [ 'node', '/usr/local/bin/npm', 'install', '-g', 'cordova' ]
2 info using npm@1.4.28
3 info using node@v0.10.32
4 verbose cache add [ 'cordova', null ]
5 verbose cache add name=undefined spec="cordova" args=["cordova",null]
6 verbose parsed url { protocol: null,
6 verbose parsed url   slashes: null,
6 verbose parsed url   auth: null,
6 verbose parsed url   host: null,
6 verbose parsed url   port: null,
6 verbose parsed url   hostname: null,
6 verbose parsed url   hash: null,
6 verbose parsed url   search: null,
6 verbose parsed url   query: null,
6 verbose parsed url   pathname: 'cordova',
6 verbose parsed url   path: 'cordova',
6 verbose parsed url   href: 'cordova' }
7 silly lockFile a98f2055-cordova cordova
8 verbose lock cordova /Users/antoinevdm/.npm/a98f2055-cordova.lock
9 silly lockFile a98f2055-cordova cordova
10 silly lockFile a98f2055-cordova cordova
11 verbose addNamed [ 'cordova', '' ]
12 verbose addNamed [ null, '*' ]
13 silly lockFile de8d9fad-cordova cordova@
14 verbose lock cordova@ /Users/antoinevdm/.npm/de8d9fad-cordova.lock
15 silly addNameRange { name: 'cordova', range: '*', hasData: false }
16 verbose request where is /cordova
17 verbose request registry https://registry.npmjs.org/
18 verbose request id 649df4ff932bbada
19 verbose url raw /cordova
20 verbose url resolving [ 'https://registry.npmjs.org/', './cordova' ]
21 verbose url resolved https://registry.npmjs.org/cordova
22 verbose request where is https://registry.npmjs.org/cordova
23 info trying registry request attempt 1 at 11:06:42
24 verbose etag "7E5LNL75QQJ7G3P1GIRDP8U7P"
25 http GET https://registry.npmjs.org/cordova
26 http 200 https://registry.npmjs.org/cordova
27 silly registry.get cb [ 200,
27 silly registry.get   { date: 'Fri, 14 Nov 2014 10:06:43 GMT',
27 silly registry.get     server: 'CouchDB/1.5.0 (Erlang OTP/R16B03)',
27 silly registry.get     etag: '"2R2F2WALJKMK2L5L6ID8AX6Z5"',
27 silly registry.get     'content-type': 'application/json',
27 silly registry.get     'cache-control': 'max-age=60',
27 silly registry.get     'content-length': '333546',
27 silly registry.get     'accept-ranges': 'bytes',
27 silly registry.get     via: '1.1 varnish',
27 silly registry.get     age: '0',
27 silly registry.get     'x-served-by': 'cache-ams4124-AMS',
27 silly registry.get     'x-cache': 'HIT',
27 silly registry.get     'x-cache-hits': '1',
27 silly registry.get     'x-timer': 'S1415959602.926970,VS0,VE160',
27 silly registry.get     vary: 'Accept',
27 silly registry.get     'keep-alive': 'timeout=10, max=50',
27 silly registry.get     connection: 'Keep-Alive' } ]
28 silly addNameRange number 2 { name: 'cordova', range: '*', hasData: true }
29 silly addNameRange versions [ 'cordova',
29 silly addNameRange   [ '0.0.1',
29 silly addNameRange     '0.0.2',
29 silly addNameRange     '0.0.3',
29 silly addNameRange     '0.0.4',
29 silly addNameRange     '0.0.5',
29 silly addNameRange     '0.0.6',
29 silly addNameRange     '0.0.7',
29 silly addNameRange     '0.0.8',
29 silly addNameRange     '0.0.9',
29 silly addNameRange     '0.1.0',
29 silly addNameRange     '0.1.1',
29 silly addNameRange     '0.1.2',
29 silly addNameRange     '0.1.3',
29 silly addNameRange     '0.1.4',
29 silly addNameRange     '0.1.5',
29 silly addNameRange     '0.1.6',
29 silly addNameRange     '0.1.7',
29 silly addNameRange     '0.1.8',
29 silly addNameRange     '0.1.9',
29 silly addNameRange     '0.1.10',
29 silly addNameRange     '0.1.11',
29 silly addNameRange     '0.1.12',
29 silly addNameRange     '0.1.13',
29 silly addNameRange     '0.1.14',
29 silly addNameRange     '2.2.0',
29 silly addNameRange     '2.3.0',
29 silly addNameRange     '2.3.1',
29 silly addNameRange     '2.3.2',
29 silly addNameRange     '2.3.3',
29 silly addNameRange     '2.3.5',
29 silly addNameRange     '2.3.6',
29 silly addNameRange     '2.4.0',
29 silly addNameRange     '2.4.1',
29 silly addNameRange     '2.4.2',
29 silly addNameRange     '2.4.3',
29 silly addNameRange     '2.4.4',
29 silly addNameRange     '2.4.5',
29 silly addNameRange     '2.4.6',
29 silly addNameRange     '2.4.7',
29 silly addNameRange     '2.4.8',
29 silly addNameRange     '2.4.9',
29 silly addNameRange     '2.4.10',
29 silly addNameRange     '2.5.0',
29 silly addNameRange     '2.5.2',
29 silly addNameRange     '2.5.3',
29 silly addNameRange     '2.5.4',
29 silly addNameRange     '2.5.5',
29 silly addNameRange     '2.6.0',
29 silly addNameRange     '2.6.1',
29 silly addNameRange     '2.6.2',
29 silly addNameRange     '2.7.0-rc.1',
29 silly addNameRange     '2.7.1-rc.1',
29 silly addNameRange     '2.7.2',
29 silly addNameRange     '2.7.3',
29 silly addNameRange     '2.7.4',
29 silly addNameRange     '2.8.0',
29 silly addNameRange     '2.8.1',
29 silly addNameRange     '2.8.2',
29 silly addNameRange     '2.8.3',
29 silly addNameRange     '2.8.4',
29 silly addNameRange     '2.8.5',
29 silly addNameRange     '2.8.6',
29 silly addNameRange     '2.8.7',
29 silly addNameRange     '2.8.8',
29 silly addNameRange     '2.8.9',
29 silly addNameRange     '2.8.10',
29 silly addNameRange     '2.8.11',
29 silly addNameRange     '2.8.12',
29 silly addNameRange     '2.8.13',
29 silly addNameRange     '2.8.14',
29 silly addNameRange     '2.8.15',
29 silly addNameRange     '2.8.16',
29 silly addNameRange     '2.8.17',
29 silly addNameRange     '2.8.18',
29 silly addNameRange     '2.8.19',
29 silly addNameRange     '2.8.20',
29 silly addNameRange     '2.8.21',
29 silly addNameRange     '2.8.22',
29 silly addNameRange     '2.8.23',
29 silly addNameRange     '2.8.24',
29 silly addNameRange     '2.8.25',
29 silly addNameRange     '2.9.0',
29 silly addNameRange     '2.9.1',
29 silly addNameRange     '2.9.2',
29 silly addNameRange     '2.9.3',
29 silly addNameRange     '2.9.4',
29 silly addNameRange     '2.9.5',
29 silly addNameRange     '2.9.6',
29 silly addNameRange     '2.9.7',
29 silly addNameRange     '3.0.0-rc1',
29 silly addNameRange     '3.0.0-rc1-1',
29 silly addNameRange     '3.0.0-rc1-3',
29 silly addNameRange     '3.0.0',
29 silly addNameRange     '3.0.1',
29 silly addNameRange     '3.0.2',
29 silly addNameRange     '3.0.3',
29 silly addNameRange     '3.0.4',
29 silly addNameRange     '3.0.5',
29 silly addNameRange     '3.0.6',
29 silly addNameRange     '3.0.7',
29 silly addNameRange     '3.0.8',
29 silly addNameRange     '3.0.9',
29 silly addNameRange     '3.0.10',
29 silly addNameRange     '3.1.0-0.1.0',
29 silly addNameRange     '3.1.0-0.2.0',
29 silly addNameRange     '3.2.0-rc.1',
29 silly addNameRange     '3.2.0-0.1.0',
29 silly addNameRange     '3.2.0-0.2.0',
29 silly addNameRange     '3.2.0-0.3.0',
29 silly addNameRange     '3.2.0-0.4.0',
29 silly addNameRange     '3.3.0-rc.1',
29 silly addNameRange     '3.3.0-0.1.1',
29 silly addNameRange     '3.3.1-0.1.2',
29 silly addNameRange     '2.9.0-rc1',
29 silly addNameRange     '3.3.1-0.3.0',
29 silly addNameRange     '3.3.1-0.3.1',
29 silly addNameRange     '3.3.1-0.4.1',
29 silly addNameRange     '3.3.1-0.4.2',
29 silly addNameRange     '3.4.0-0.1.0',
29 silly addNameRange     '3.4.0-0.1.1',
29 silly addNameRange     '3.4.0-0.1.2',
29 silly addNameRange     '3.4.0-0.1.3',
29 silly addNameRange     '0.0.0-fake',
29 silly addNameRange     '3.4.1-0.1.0',
29 silly addNameRange     '3.5.0-0.2.0',
29 silly addNameRange     '3.5.0-0.2.1',
29 silly addNameRange     '3.5.0-0.2.2',
29 silly addNameRange     '3.5.0-0.2.3',
29 silly addNameRange     '3.5.0-0.2.4',
29 silly addNameRange     '3.5.0-0.2.6',
29 silly addNameRange     '3.5.0-0.2.7',
29 silly addNameRange     '3.6.0-0.2.8',
29 silly addNameRange     '3.6.0-0.2.9',
29 silly addNameRange     '3.6.1-0.2.10',
29 silly addNameRange     '3.6.3-0.2.11',
29 silly addNameRange     '3.6.3-0.2.12',
29 silly addNameRange     '3.6.3-0.2.13',
29 silly addNameRange     '4.0.0',
29 silly addNameRange     '4.0.1-nightly.2014.9.29',
29 silly addNameRange     '4.0.1',
29 silly addNameRange     '4.1.0',
29 silly addNameRange     '4.1.1',
29 silly addNameRange     '4.1.2' ] ]
30 verbose addNamed [ 'cordova', '4.1.2' ]
31 verbose addNamed [ '4.1.2', '4.1.2' ]
32 silly lockFile d72081f6-cordova-4-1-2 cordova@4.1.2
33 verbose lock cordova@4.1.2 /Users/antoinevdm/.npm/d72081f6-cordova-4-1-2.lock
34 silly lockFile 69dcc1a4-js-org-cordova-cordova-4-1-2-tgz https://registry.npmjs.org/cordova/-/cordova-4.1.2.tgz
35 verbose lock https://registry.npmjs.org/cordova/-/cordova-4.1.2.tgz /Users/antoinevdm/.npm/69dcc1a4-js-org-cordova-cordova-4-1-2-tgz.lock
36 verbose addRemoteTarball [ 'https://registry.npmjs.org/cordova/-/cordova-4.1.2.tgz',
36 verbose addRemoteTarball   '68fae142997354777f77c0320229c3798cd496fd' ]
37 info retry fetch attempt 1 at 11:06:43
38 verbose fetch to= /var/folders/f_/6853knw53nzgxr3gcdsv7qqm0000gn/T/npm-633-sihH96j-/registry.npmjs.org/cordova/-/cordova-4.1.2.tgz
39 http GET https://registry.npmjs.org/cordova/-/cordova-4.1.2.tgz
40 http 200 https://registry.npmjs.org/cordova/-/cordova-4.1.2.tgz
41 silly lockFile 69dcc1a4-js-org-cordova-cordova-4-1-2-tgz https://registry.npmjs.org/cordova/-/cordova-4.1.2.tgz
42 silly lockFile 69dcc1a4-js-org-cordova-cordova-4-1-2-tgz https://registry.npmjs.org/cordova/-/cordova-4.1.2.tgz
43 silly lockFile d72081f6-cordova-4-1-2 cordova@4.1.2
44 silly lockFile d72081f6-cordova-4-1-2 cordova@4.1.2
45 silly lockFile de8d9fad-cordova cordova@
46 silly lockFile de8d9fad-cordova cordova@
47 error Error: EACCES, mkdir '/Users/antoinevdm/.npm/cordova/4.1.2'
47 error  { [Error: EACCES, mkdir '/Users/antoinevdm/.npm/cordova/4.1.2']
47 error   errno: 3,
47 error   code: 'EACCES',
47 error   path: '/Users/antoinevdm/.npm/cordova/4.1.2' }
48 error Please try running this command again as root/Administrator.
49 error System Darwin 14.0.0
50 error command "node" "/usr/local/bin/npm" "install" "-g" "cordova"
51 error cwd /Users/antoinevdm/Desktop/isei
52 error node -v v0.10.32
53 error npm -v 1.4.28
54 error path /Users/antoinevdm/.npm/cordova/4.1.2
55 error code EACCES
56 error errno 3
57 error stack Error: EACCES, mkdir '/Users/antoinevdm/.npm/cordova/4.1.2'
58 verbose exit [ 3, true ]
